GameEngine.obj : error LNK2019: ссылка на неразрешенный внешний символ "__declspec(dllimport) public: __cdecl sf::String::String(char const *,class std::locale const &)" (__imp_??0String@sf@@QEAA@PEBDAEBVlocale@std@@@Z) в функции "private: void __cdecl GameEngine::initWindow(void)" (?initWindow@GameEngine@@AEAAXXZ).
GameEngine.obj : error LNK2019: ссылка на неразрешенный внешний символ "__declspec(dllimport) public: __cdecl sf::String::~String(void)" (__imp_??1String@sf@@QEAA@XZ) в функции "private: void __cdecl GameEngine::initWindow(void)" (?initWindow@GameEngine@@AEAAXXZ).
GameEngine.obj : error LNK2019: ссылка на неразрешенный внешний символ "__declspec(dllimport) public: static class sf::Vector2<int> __cdecl sf::Mouse::getPosition(class sf::Window const &)" (__imp_?getPosition@Mouse@sf@@SA?AV?$Vector2@H@2@AEBVWindow@2@@Z) в функции "public: void __cdecl GameEngine::updateMousePos(void)" (?updateMousePos@GameEngine@@QEAAXXZ).
GameEngine.obj : error LNK2019: ссылка на неразрешенный внешний символ "__declspec(dllimport) public: __cdecl sf::VideoMode::VideoMode(void)" (__imp_??0VideoMode@sf@@QEAA@XZ) в функции "public: __cdecl GameEngine::GameEngine(void)" (??0GameEngine@@QEAA@XZ).
GameEngine.obj : error LNK2019: ссылка на неразрешенный внешний символ "__declspec(dllimport) public: void __cdecl sf::Window::close(void)" (__imp_?close@Window@sf@@QEAAXXZ) в функции "public: void __cdecl GameEngine::pollEvents(void)" (?pollEvents@GameEngine@@QEAAXXZ).
GameEngine.obj : error LNK2019: ссылка на неразрешенный внешний символ "__declspec(dllimport) public: bool __cdecl sf::Window::isOpen(void)const " (__imp_?isOpen@Window@sf@@QEBA_NXZ) в функции "public: bool const __cdecl GameEngine::running(void)const " (?running@GameEngine@@QEBA?B_NXZ).
GameEngine.obj : error LNK2019: ссылка на неразрешенный внешний символ "__declspec(dllimport) public: bool __cdecl sf::Window::pollEvent(class sf::Event &)" (__imp_?pollEvent@Window@sf@@QEAA_NAEAVEvent@2@@Z) в функции "public: void __cdecl GameEngine::pollEvents(void)" (?pollEvents@GameEngine@@QEAAXXZ).
GameEngine.obj : error LNK2019: ссылка на неразрешенный внешний символ "__declspec(dllimport) public: void __cdecl sf::Window::setFramerateLimit(unsigned int)" (__imp_?setFramerateLimit@Window@sf@@QEAAXI@Z) в функции "private: void __cdecl GameEngine::initWindow(void)" (?initWindow@GameEngine@@AEAAXXZ).
GameEngine.obj : error LNK2019: ссылка на неразрешенный внешний символ "__declspec(dllimport) public: void __cdecl sf::Window::display(void)" (__imp_?display@Window@sf@@QEAAXXZ) в функции "public: void __cdecl GameEngine::render(void)" (?render@GameEngine@@QEAAXXZ).
GameEngine.obj : error LNK2019: ссылка на неразрешенный внешний символ "__declspec(dllimport) public: __cdecl sf::Color::Color(unsigned char,unsigned char,unsigned char,unsigned char)" (__imp_??0Color@sf@@QEAA@EEEE@Z) в функции "public: void __cdecl GameEngine::render(void)" (?render@GameEngine@@QEAAXXZ).
GameEngine.obj : error LNK2019: ссылка на неразрешенный внешний символ "__declspec(dllimport) public: void __cdecl sf::RenderTarget::clear(class sf::Color const &)" (__imp_?clear@RenderTarget@sf@@QEAAXAEBVColor@2@@Z) в функции "public: void __cdecl GameEngine::render(void)" (?render@GameEngine@@QEAAXXZ).
GameEngine.obj : error LNK2019: ссылка на неразрешенный внешний символ "__declspec(dllimport) public: class sf::Vector2<float> __cdecl sf::RenderTarget::mapPixelToCoords(class sf::Vector2<int> const &)const " (__imp_?mapPixelToCoords@RenderTarget@sf@@QEBA?AV?$Vector2@M@2@AEBV?$Vector2@H@2@@Z) в функции "public: void __cdecl GameEngine::updateMousePos(void)" (?updateMousePos@GameEngine@@QEAAXXZ).
GameEngine.obj : error LNK2019: ссылка на неразрешенный внешний символ "__declspec(dllimport) public: __cdecl sf::RenderWindow::RenderWindow(class sf::VideoMode,class sf::String const &,unsigned int,struct sf::ContextSettings const &)" (__imp_??0RenderWindow@sf@@QEAA@VVideoMode@1@AEBVString@1@IAEBUContextSettings@1@@Z) в функции "private: void __cdecl GameEngine::initWindow(void)" (?initWindow@GameEngine@@AEAAXXZ).
GameEngine.obj : error LNK2019: ссылка на неразрешенный внешний символ "__declspec(dllimport) public: virtual __cdecl sf::RenderWindow::~RenderWindow(void)" (__imp_??1RenderWindow@sf@@UEAA@XZ) в функции "public: virtual void * __cdecl sf::RenderWindow::`scalar deleting destructor'(unsigned int)" (??_GRenderWindow@sf@@UEAAPEAXI@Z).
GameEngine.obj : error LNK2001: неразрешенный внешний символ "public: virtual class sf::Vector2<unsigned int> __cdecl sf::RenderWindow::getSize(void)const " (?getSize@RenderWindow@sf@@UEBA?AV?$Vector2@I@2@XZ).
GameEngine.obj : error LNK2001: неразрешенный внешний символ "public: virtual bool __cdecl sf::RenderWindow::setActive(bool)" (?setActive@RenderWindow@sf@@UEAA_N_N@Z).
GameEngine.obj : error LNK2001: неразрешенный внешний символ "protected: virtual void __cdecl sf::RenderWindow::onCreate(void)" (?onCreate@RenderWindow@sf@@MEAAXXZ).
GameEngine.obj : error LNK2001: неразрешенный внешний символ "protected: virtual void __cdecl sf::RenderWindow::onResize(void)" (?onResize@RenderWindow@sf@@MEAAXXZ).
D:\vs2022_code\proj\Dorifto\\External\lib\sfml-system-d.lib : warning LNK4272: тип компьютера библиотеки "x86" конфликтует с типом целевого компьютера "x64"
D:\vs2022_code\proj\Dorifto\\External\lib\sfml-graphics-d.lib : warning LNK4272: тип компьютера библиотеки "x86" конфликтует с типом целевого компьютера "x64"
D:\vs2022_code\proj\Dorifto\\External\lib\sfml-window-d.lib : warning LNK4272: тип компьютера библиотеки "x86" конфликтует с типом целевого компьютера "x64"
D:\vs2022_code\proj\Dorifto\\External\lib\sfml-audio-d.lib : warning LNK4272: тип компьютера библиотеки "x86" конфликтует с типом целевого компьютера "x64"
D:\vs2022_code\proj\Dorifto\\External\lib\sfml-network-d.lib : warning LNK4272: тип компьютера библиотеки "x86" конфликтует с типом целевого компьютера "x64"
D:\vs2022_code\proj\Dorifto\x64\Debug\Dorifto.exe : fatal error LNK1120: неразрешенных внешних элементов: 18
